ARM GAS  D:\Tools\STM32-VScode\msys2\tmp\ccERGgah.s 			page 1


   1              		.cpu cortex-m4
   2              		.eabi_attribute 27, 1
   3              		.eabi_attribute 28, 1
   4              		.eabi_attribute 20, 1
   5              		.eabi_attribute 21, 1
   6              		.eabi_attribute 23, 3
   7              		.eabi_attribute 24, 1
   8              		.eabi_attribute 25, 1
   9              		.eabi_attribute 26, 1
  10              		.eabi_attribute 30, 1
  11              		.eabi_attribute 34, 1
  12              		.eabi_attribute 18, 4
  13              		.file	"gpio.c"
  14              		.text
  15              	.Ltext0:
  16              		.cfi_sections	.debug_frame
  17              		.section	.text.MX_GPIO_Init,"ax",%progbits
  18              		.align	1
  19              		.global	MX_GPIO_Init
  20              		.arch armv7e-m
  21              		.syntax unified
  22              		.thumb
  23              		.thumb_func
  24              		.fpu fpv4-sp-d16
  26              	MX_GPIO_Init:
  27              	.LFB130:
  28              		.file 1 "Src/gpio.c"
   1:Src/gpio.c    **** /**
   2:Src/gpio.c    ****   ******************************************************************************
   3:Src/gpio.c    ****   * File Name          : gpio.c
   4:Src/gpio.c    ****   * Description        : This file provides code for the configuration
   5:Src/gpio.c    ****   *                      of all used GPIO pins.
   6:Src/gpio.c    ****   ******************************************************************************
   7:Src/gpio.c    ****   * @attention
   8:Src/gpio.c    ****   *
   9:Src/gpio.c    ****   * <h2><center>&copy; Copyright (c) 2020 STMicroelectronics.
  10:Src/gpio.c    ****   * All rights reserved.</center></h2>
  11:Src/gpio.c    ****   *
  12:Src/gpio.c    ****   * This software component is licensed by ST under BSD 3-Clause license,
  13:Src/gpio.c    ****   * the "License"; You may not use this file except in compliance with the
  14:Src/gpio.c    ****   * License. You may obtain a copy of the License at:
  15:Src/gpio.c    ****   *                        opensource.org/licenses/BSD-3-Clause
  16:Src/gpio.c    ****   *
  17:Src/gpio.c    ****   ******************************************************************************
  18:Src/gpio.c    ****   */
  19:Src/gpio.c    **** 
  20:Src/gpio.c    **** /* Includes ------------------------------------------------------------------*/
  21:Src/gpio.c    **** #include "gpio.h"
  22:Src/gpio.c    **** /* USER CODE BEGIN 0 */
  23:Src/gpio.c    **** 
  24:Src/gpio.c    **** /* USER CODE END 0 */
  25:Src/gpio.c    **** 
  26:Src/gpio.c    **** /*----------------------------------------------------------------------------*/
  27:Src/gpio.c    **** /* Configure GPIO                                                             */
  28:Src/gpio.c    **** /*----------------------------------------------------------------------------*/
  29:Src/gpio.c    **** /* USER CODE BEGIN 1 */
  30:Src/gpio.c    **** 
ARM GAS  D:\Tools\STM32-VScode\msys2\tmp\ccERGgah.s 			page 2


  31:Src/gpio.c    **** /* USER CODE END 1 */
  32:Src/gpio.c    **** 
  33:Src/gpio.c    **** /** Configure pins as 
  34:Src/gpio.c    ****         * Analog 
  35:Src/gpio.c    ****         * Input 
  36:Src/gpio.c    ****         * Output
  37:Src/gpio.c    ****         * EVENT_OUT
  38:Src/gpio.c    ****         * EXTI
  39:Src/gpio.c    **** */
  40:Src/gpio.c    **** void MX_GPIO_Init(void)
  41:Src/gpio.c    **** {
  29              		.loc 1 41 1 view -0
  30              		.cfi_startproc
  31              		@ args = 0, pretend = 0, frame = 40
  32              		@ frame_needed = 0, uses_anonymous_args = 0
  33 0000 30B5     		push	{r4, r5, lr}
  34              	.LCFI0:
  35              		.cfi_def_cfa_offset 12
  36              		.cfi_offset 4, -12
  37              		.cfi_offset 5, -8
  38              		.cfi_offset 14, -4
  39 0002 8BB0     		sub	sp, sp, #44
  40              	.LCFI1:
  41              		.cfi_def_cfa_offset 56
  42:Src/gpio.c    **** 
  43:Src/gpio.c    ****   GPIO_InitTypeDef GPIO_InitStruct = {0};
  42              		.loc 1 43 3 view .LVU1
  43              		.loc 1 43 20 is_stmt 0 view .LVU2
  44 0004 0024     		movs	r4, #0
  45 0006 0594     		str	r4, [sp, #20]
  46 0008 0694     		str	r4, [sp, #24]
  47 000a 0794     		str	r4, [sp, #28]
  48 000c 0894     		str	r4, [sp, #32]
  49 000e 0994     		str	r4, [sp, #36]
  44:Src/gpio.c    **** 
  45:Src/gpio.c    ****   /* GPIO Ports Clock Enable */
  46:Src/gpio.c    ****   __HAL_RCC_GPIOC_CLK_ENABLE();
  50              		.loc 1 46 3 is_stmt 1 view .LVU3
  51              	.LBB2:
  52              		.loc 1 46 3 view .LVU4
  53 0010 0094     		str	r4, [sp]
  54              		.loc 1 46 3 view .LVU5
  55 0012 234B     		ldr	r3, .L3
  56 0014 1A6B     		ldr	r2, [r3, #48]
  57 0016 42F00402 		orr	r2, r2, #4
  58 001a 1A63     		str	r2, [r3, #48]
  59              		.loc 1 46 3 view .LVU6
  60 001c 1A6B     		ldr	r2, [r3, #48]
  61 001e 02F00402 		and	r2, r2, #4
  62 0022 0092     		str	r2, [sp]
  63              		.loc 1 46 3 view .LVU7
  64 0024 009A     		ldr	r2, [sp]
  65              	.LBE2:
  66              		.loc 1 46 3 view .LVU8
  47:Src/gpio.c    ****   __HAL_RCC_GPIOF_CLK_ENABLE();
  67              		.loc 1 47 3 view .LVU9
  68              	.LBB3:
ARM GAS  D:\Tools\STM32-VScode\msys2\tmp\ccERGgah.s 			page 3


  69              		.loc 1 47 3 view .LVU10
  70 0026 0194     		str	r4, [sp, #4]
  71              		.loc 1 47 3 view .LVU11
  72 0028 1A6B     		ldr	r2, [r3, #48]
  73 002a 42F02002 		orr	r2, r2, #32
  74 002e 1A63     		str	r2, [r3, #48]
  75              		.loc 1 47 3 view .LVU12
  76 0030 1A6B     		ldr	r2, [r3, #48]
  77 0032 02F02002 		and	r2, r2, #32
  78 0036 0192     		str	r2, [sp, #4]
  79              		.loc 1 47 3 view .LVU13
  80 0038 019A     		ldr	r2, [sp, #4]
  81              	.LBE3:
  82              		.loc 1 47 3 view .LVU14
  48:Src/gpio.c    ****   __HAL_RCC_GPIOH_CLK_ENABLE();
  83              		.loc 1 48 3 view .LVU15
  84              	.LBB4:
  85              		.loc 1 48 3 view .LVU16
  86 003a 0294     		str	r4, [sp, #8]
  87              		.loc 1 48 3 view .LVU17
  88 003c 1A6B     		ldr	r2, [r3, #48]
  89 003e 42F08002 		orr	r2, r2, #128
  90 0042 1A63     		str	r2, [r3, #48]
  91              		.loc 1 48 3 view .LVU18
  92 0044 1A6B     		ldr	r2, [r3, #48]
  93 0046 02F08002 		and	r2, r2, #128
  94 004a 0292     		str	r2, [sp, #8]
  95              		.loc 1 48 3 view .LVU19
  96 004c 029A     		ldr	r2, [sp, #8]
  97              	.LBE4:
  98              		.loc 1 48 3 view .LVU20
  49:Src/gpio.c    ****   __HAL_RCC_GPIOA_CLK_ENABLE();
  99              		.loc 1 49 3 view .LVU21
 100              	.LBB5:
 101              		.loc 1 49 3 view .LVU22
 102 004e 0394     		str	r4, [sp, #12]
 103              		.loc 1 49 3 view .LVU23
 104 0050 1A6B     		ldr	r2, [r3, #48]
 105 0052 42F00102 		orr	r2, r2, #1
 106 0056 1A63     		str	r2, [r3, #48]
 107              		.loc 1 49 3 view .LVU24
 108 0058 1A6B     		ldr	r2, [r3, #48]
 109 005a 02F00102 		and	r2, r2, #1
 110 005e 0392     		str	r2, [sp, #12]
 111              		.loc 1 49 3 view .LVU25
 112 0060 039A     		ldr	r2, [sp, #12]
 113              	.LBE5:
 114              		.loc 1 49 3 view .LVU26
  50:Src/gpio.c    ****   __HAL_RCC_GPIOB_CLK_ENABLE();
 115              		.loc 1 50 3 view .LVU27
 116              	.LBB6:
 117              		.loc 1 50 3 view .LVU28
 118 0062 0494     		str	r4, [sp, #16]
 119              		.loc 1 50 3 view .LVU29
 120 0064 1A6B     		ldr	r2, [r3, #48]
 121 0066 42F00202 		orr	r2, r2, #2
 122 006a 1A63     		str	r2, [r3, #48]
ARM GAS  D:\Tools\STM32-VScode\msys2\tmp\ccERGgah.s 			page 4


 123              		.loc 1 50 3 view .LVU30
 124 006c 1B6B     		ldr	r3, [r3, #48]
 125 006e 03F00203 		and	r3, r3, #2
 126 0072 0493     		str	r3, [sp, #16]
 127              		.loc 1 50 3 view .LVU31
 128 0074 049B     		ldr	r3, [sp, #16]
 129              	.LBE6:
 130              		.loc 1 50 3 view .LVU32
  51:Src/gpio.c    **** 
  52:Src/gpio.c    ****   /*Configure GPIO pin Output Level */
  53:Src/gpio.c    ****   HAL_GPIO_WritePin(D1_GPIO_Port, D1_Pin, GPIO_PIN_RESET);
 131              		.loc 1 53 3 view .LVU33
 132 0076 0B4D     		ldr	r5, .L3+4
 133 0078 2246     		mov	r2, r4
 134 007a 4FF40071 		mov	r1, #512
 135 007e 2846     		mov	r0, r5
 136 0080 FFF7FEFF 		bl	HAL_GPIO_WritePin
 137              	.LVL0:
  54:Src/gpio.c    **** 
  55:Src/gpio.c    ****   /*Configure GPIO pin : PtPin */
  56:Src/gpio.c    ****   GPIO_InitStruct.Pin = D1_Pin;
 138              		.loc 1 56 3 view .LVU34
 139              		.loc 1 56 23 is_stmt 0 view .LVU35
 140 0084 4FF40073 		mov	r3, #512
 141 0088 0593     		str	r3, [sp, #20]
  57:Src/gpio.c    ****   GPIO_InitStruct.Mode = GPIO_MODE_OUTPUT_PP;
 142              		.loc 1 57 3 is_stmt 1 view .LVU36
 143              		.loc 1 57 24 is_stmt 0 view .LVU37
 144 008a 0123     		movs	r3, #1
 145 008c 0693     		str	r3, [sp, #24]
  58:Src/gpio.c    ****   GPIO_InitStruct.Pull = GPIO_NOPULL;
 146              		.loc 1 58 3 is_stmt 1 view .LVU38
 147              		.loc 1 58 24 is_stmt 0 view .LVU39
 148 008e 0794     		str	r4, [sp, #28]
  59:Src/gpio.c    ****   GPIO_InitStruct.Speed = GPIO_SPEED_FREQ_HIGH;
 149              		.loc 1 59 3 is_stmt 1 view .LVU40
 150              		.loc 1 59 25 is_stmt 0 view .LVU41
 151 0090 0223     		movs	r3, #2
 152 0092 0893     		str	r3, [sp, #32]
  60:Src/gpio.c    ****   HAL_GPIO_Init(D1_GPIO_Port, &GPIO_InitStruct);
 153              		.loc 1 60 3 is_stmt 1 view .LVU42
 154 0094 05A9     		add	r1, sp, #20
 155 0096 2846     		mov	r0, r5
 156 0098 FFF7FEFF 		bl	HAL_GPIO_Init
 157              	.LVL1:
  61:Src/gpio.c    **** 
  62:Src/gpio.c    **** }
 158              		.loc 1 62 1 is_stmt 0 view .LVU43
 159 009c 0BB0     		add	sp, sp, #44
 160              	.LCFI2:
 161              		.cfi_def_cfa_offset 12
 162              		@ sp needed
 163 009e 30BD     		pop	{r4, r5, pc}
 164              	.L4:
 165              		.align	2
 166              	.L3:
 167 00a0 00380240 		.word	1073887232
ARM GAS  D:\Tools\STM32-VScode\msys2\tmp\ccERGgah.s 			page 5


 168 00a4 00140240 		.word	1073878016
 169              		.cfi_endproc
 170              	.LFE130:
 172              		.text
 173              	.Letext0:
 174              		.file 2 "d:\\tools\\stm32-vscode\\arm-gcc\\9 2019-q4-major\\arm-none-eabi\\include\\machine\\_defa
 175              		.file 3 "d:\\tools\\stm32-vscode\\arm-gcc\\9 2019-q4-major\\arm-none-eabi\\include\\sys\\_stdint.h
 176              		.file 4 "Drivers/CMSIS/Include/core_cm4.h"
 177              		.file 5 "Drivers/CMSIS/Device/ST/STM32F4xx/Include/system_stm32f4xx.h"
 178              		.file 6 "Drivers/CMSIS/Device/ST/STM32F4xx/Include/stm32f407xx.h"
 179              		.file 7 "Drivers/STM32F4xx_HAL_Driver/Inc/stm32f4xx_hal_gpio.h"
 180              		.file 8 "Drivers/STM32F4xx_HAL_Driver/Inc/stm32f4xx_hal.h"
ARM GAS  D:\Tools\STM32-VScode\msys2\tmp\ccERGgah.s 			page 6


DEFINED SYMBOLS
                            *ABS*:00000000 gpio.c
D:\Tools\STM32-VScode\msys2\tmp\ccERGgah.s:18     .text.MX_GPIO_Init:00000000 $t
D:\Tools\STM32-VScode\msys2\tmp\ccERGgah.s:26     .text.MX_GPIO_Init:00000000 MX_GPIO_Init
D:\Tools\STM32-VScode\msys2\tmp\ccERGgah.s:167    .text.MX_GPIO_Init:000000a0 $d

UNDEFINED SYMBOLS
HAL_GPIO_WritePin
HAL_GPIO_Init
