ARM GAS  D:\Tools\STM32-VScode\msys2\tmp\cct2J5Xk.s 			page 1


   1              		.cpu cortex-m4
   2              		.eabi_attribute 27, 1
   3              		.eabi_attribute 28, 1
   4              		.eabi_attribute 20, 1
   5              		.eabi_attribute 21, 1
   6              		.eabi_attribute 23, 3
   7              		.eabi_attribute 24, 1
   8              		.eabi_attribute 25, 1
   9              		.eabi_attribute 26, 1
  10              		.eabi_attribute 30, 1
  11              		.eabi_attribute 34, 1
  12              		.eabi_attribute 18, 4
  13              		.file	"i2c.c"
  14              		.text
  15              	.Ltext0:
  16              		.cfi_sections	.debug_frame
  17              		.section	.text.MX_I2C1_Init,"ax",%progbits
  18              		.align	1
  19              		.global	MX_I2C1_Init
  20              		.arch armv7e-m
  21              		.syntax unified
  22              		.thumb
  23              		.thumb_func
  24              		.fpu fpv4-sp-d16
  26              	MX_I2C1_Init:
  27              	.LFB130:
  28              		.file 1 "Src/i2c.c"
   1:Src/i2c.c     **** /**
   2:Src/i2c.c     ****   ******************************************************************************
   3:Src/i2c.c     ****   * File Name          : I2C.c
   4:Src/i2c.c     ****   * Description        : This file provides code for the configuration
   5:Src/i2c.c     ****   *                      of the I2C instances.
   6:Src/i2c.c     ****   ******************************************************************************
   7:Src/i2c.c     ****   * @attention
   8:Src/i2c.c     ****   *
   9:Src/i2c.c     ****   * <h2><center>&copy; Copyright (c) 2020 STMicroelectronics.
  10:Src/i2c.c     ****   * All rights reserved.</center></h2>
  11:Src/i2c.c     ****   *
  12:Src/i2c.c     ****   * This software component is licensed by ST under BSD 3-Clause license,
  13:Src/i2c.c     ****   * the "License"; You may not use this file except in compliance with the
  14:Src/i2c.c     ****   * License. You may obtain a copy of the License at:
  15:Src/i2c.c     ****   *                        opensource.org/licenses/BSD-3-Clause
  16:Src/i2c.c     ****   *
  17:Src/i2c.c     ****   ******************************************************************************
  18:Src/i2c.c     ****   */
  19:Src/i2c.c     **** 
  20:Src/i2c.c     **** /* Includes ------------------------------------------------------------------*/
  21:Src/i2c.c     **** #include "i2c.h"
  22:Src/i2c.c     **** 
  23:Src/i2c.c     **** /* USER CODE BEGIN 0 */
  24:Src/i2c.c     **** 
  25:Src/i2c.c     **** /* USER CODE END 0 */
  26:Src/i2c.c     **** 
  27:Src/i2c.c     **** I2C_HandleTypeDef hi2c1;
  28:Src/i2c.c     **** 
  29:Src/i2c.c     **** /* I2C1 init function */
  30:Src/i2c.c     **** void MX_I2C1_Init(void)
ARM GAS  D:\Tools\STM32-VScode\msys2\tmp\cct2J5Xk.s 			page 2


  31:Src/i2c.c     **** {
  29              		.loc 1 31 1 view -0
  30              		.cfi_startproc
  31              		@ args = 0, pretend = 0, frame = 0
  32              		@ frame_needed = 0, uses_anonymous_args = 0
  33 0000 08B5     		push	{r3, lr}
  34              	.LCFI0:
  35              		.cfi_def_cfa_offset 8
  36              		.cfi_offset 3, -8
  37              		.cfi_offset 14, -4
  32:Src/i2c.c     **** 
  33:Src/i2c.c     ****   hi2c1.Instance = I2C1;
  38              		.loc 1 33 3 view .LVU1
  39              		.loc 1 33 18 is_stmt 0 view .LVU2
  40 0002 0B48     		ldr	r0, .L5
  41 0004 0B4B     		ldr	r3, .L5+4
  42 0006 0360     		str	r3, [r0]
  34:Src/i2c.c     ****   hi2c1.Init.ClockSpeed = 100000;
  43              		.loc 1 34 3 is_stmt 1 view .LVU3
  44              		.loc 1 34 25 is_stmt 0 view .LVU4
  45 0008 0B4B     		ldr	r3, .L5+8
  46 000a 4360     		str	r3, [r0, #4]
  35:Src/i2c.c     ****   hi2c1.Init.DutyCycle = I2C_DUTYCYCLE_2;
  47              		.loc 1 35 3 is_stmt 1 view .LVU5
  48              		.loc 1 35 24 is_stmt 0 view .LVU6
  49 000c 0023     		movs	r3, #0
  50 000e 8360     		str	r3, [r0, #8]
  36:Src/i2c.c     ****   hi2c1.Init.OwnAddress1 = 0;
  51              		.loc 1 36 3 is_stmt 1 view .LVU7
  52              		.loc 1 36 26 is_stmt 0 view .LVU8
  53 0010 C360     		str	r3, [r0, #12]
  37:Src/i2c.c     ****   hi2c1.Init.AddressingMode = I2C_ADDRESSINGMODE_7BIT;
  54              		.loc 1 37 3 is_stmt 1 view .LVU9
  55              		.loc 1 37 29 is_stmt 0 view .LVU10
  56 0012 4FF48042 		mov	r2, #16384
  57 0016 0261     		str	r2, [r0, #16]
  38:Src/i2c.c     ****   hi2c1.Init.DualAddressMode = I2C_DUALADDRESS_DISABLE;
  58              		.loc 1 38 3 is_stmt 1 view .LVU11
  59              		.loc 1 38 30 is_stmt 0 view .LVU12
  60 0018 4361     		str	r3, [r0, #20]
  39:Src/i2c.c     ****   hi2c1.Init.OwnAddress2 = 0;
  61              		.loc 1 39 3 is_stmt 1 view .LVU13
  62              		.loc 1 39 26 is_stmt 0 view .LVU14
  63 001a 8361     		str	r3, [r0, #24]
  40:Src/i2c.c     ****   hi2c1.Init.GeneralCallMode = I2C_GENERALCALL_DISABLE;
  64              		.loc 1 40 3 is_stmt 1 view .LVU15
  65              		.loc 1 40 30 is_stmt 0 view .LVU16
  66 001c C361     		str	r3, [r0, #28]
  41:Src/i2c.c     ****   hi2c1.Init.NoStretchMode = I2C_NOSTRETCH_DISABLE;
  67              		.loc 1 41 3 is_stmt 1 view .LVU17
  68              		.loc 1 41 28 is_stmt 0 view .LVU18
  69 001e 0362     		str	r3, [r0, #32]
  42:Src/i2c.c     ****   if (HAL_I2C_Init(&hi2c1) != HAL_OK)
  70              		.loc 1 42 3 is_stmt 1 view .LVU19
  71              		.loc 1 42 7 is_stmt 0 view .LVU20
  72 0020 FFF7FEFF 		bl	HAL_I2C_Init
  73              	.LVL0:
ARM GAS  D:\Tools\STM32-VScode\msys2\tmp\cct2J5Xk.s 			page 3


  74              		.loc 1 42 6 view .LVU21
  75 0024 00B9     		cbnz	r0, .L4
  76              	.L1:
  43:Src/i2c.c     ****   {
  44:Src/i2c.c     ****     Error_Handler();
  45:Src/i2c.c     ****   }
  46:Src/i2c.c     **** 
  47:Src/i2c.c     **** }
  77              		.loc 1 47 1 view .LVU22
  78 0026 08BD     		pop	{r3, pc}
  79              	.L4:
  44:Src/i2c.c     ****   }
  80              		.loc 1 44 5 is_stmt 1 view .LVU23
  81 0028 FFF7FEFF 		bl	Error_Handler
  82              	.LVL1:
  83              		.loc 1 47 1 is_stmt 0 view .LVU24
  84 002c FBE7     		b	.L1
  85              	.L6:
  86 002e 00BF     		.align	2
  87              	.L5:
  88 0030 00000000 		.word	hi2c1
  89 0034 00540040 		.word	1073763328
  90 0038 A0860100 		.word	100000
  91              		.cfi_endproc
  92              	.LFE130:
  94              		.section	.text.HAL_I2C_MspInit,"ax",%progbits
  95              		.align	1
  96              		.global	HAL_I2C_MspInit
  97              		.syntax unified
  98              		.thumb
  99              		.thumb_func
 100              		.fpu fpv4-sp-d16
 102              	HAL_I2C_MspInit:
 103              	.LVL2:
 104              	.LFB131:
  48:Src/i2c.c     **** 
  49:Src/i2c.c     **** void HAL_I2C_MspInit(I2C_HandleTypeDef* i2cHandle)
  50:Src/i2c.c     **** {
 105              		.loc 1 50 1 is_stmt 1 view -0
 106              		.cfi_startproc
 107              		@ args = 0, pretend = 0, frame = 32
 108              		@ frame_needed = 0, uses_anonymous_args = 0
 109              		.loc 1 50 1 is_stmt 0 view .LVU26
 110 0000 30B5     		push	{r4, r5, lr}
 111              	.LCFI1:
 112              		.cfi_def_cfa_offset 12
 113              		.cfi_offset 4, -12
 114              		.cfi_offset 5, -8
 115              		.cfi_offset 14, -4
 116 0002 89B0     		sub	sp, sp, #36
 117              	.LCFI2:
 118              		.cfi_def_cfa_offset 48
  51:Src/i2c.c     **** 
  52:Src/i2c.c     ****   GPIO_InitTypeDef GPIO_InitStruct = {0};
 119              		.loc 1 52 3 is_stmt 1 view .LVU27
 120              		.loc 1 52 20 is_stmt 0 view .LVU28
 121 0004 0023     		movs	r3, #0
ARM GAS  D:\Tools\STM32-VScode\msys2\tmp\cct2J5Xk.s 			page 4


 122 0006 0393     		str	r3, [sp, #12]
 123 0008 0493     		str	r3, [sp, #16]
 124 000a 0593     		str	r3, [sp, #20]
 125 000c 0693     		str	r3, [sp, #24]
 126 000e 0793     		str	r3, [sp, #28]
  53:Src/i2c.c     ****   if(i2cHandle->Instance==I2C1)
 127              		.loc 1 53 3 is_stmt 1 view .LVU29
 128              		.loc 1 53 15 is_stmt 0 view .LVU30
 129 0010 0268     		ldr	r2, [r0]
 130              		.loc 1 53 5 view .LVU31
 131 0012 154B     		ldr	r3, .L11
 132 0014 9A42     		cmp	r2, r3
 133 0016 01D0     		beq	.L10
 134              	.LVL3:
 135              	.L7:
  54:Src/i2c.c     ****   {
  55:Src/i2c.c     ****   /* USER CODE BEGIN I2C1_MspInit 0 */
  56:Src/i2c.c     **** 
  57:Src/i2c.c     ****   /* USER CODE END I2C1_MspInit 0 */
  58:Src/i2c.c     ****   
  59:Src/i2c.c     ****     __HAL_RCC_GPIOB_CLK_ENABLE();
  60:Src/i2c.c     ****     /**I2C1 GPIO Configuration    
  61:Src/i2c.c     ****     PB6     ------> I2C1_SCL
  62:Src/i2c.c     ****     PB7     ------> I2C1_SDA 
  63:Src/i2c.c     ****     */
  64:Src/i2c.c     ****     GPIO_InitStruct.Pin = GPIO_PIN_6|GPIO_PIN_7;
  65:Src/i2c.c     ****     GPIO_InitStruct.Mode = GPIO_MODE_AF_OD;
  66:Src/i2c.c     ****     GPIO_InitStruct.Pull = GPIO_PULLUP;
  67:Src/i2c.c     ****     GPIO_InitStruct.Speed = GPIO_SPEED_FREQ_VERY_HIGH;
  68:Src/i2c.c     ****     GPIO_InitStruct.Alternate = GPIO_AF4_I2C1;
  69:Src/i2c.c     ****     HAL_GPIO_Init(GPIOB, &GPIO_InitStruct);
  70:Src/i2c.c     **** 
  71:Src/i2c.c     ****     /* I2C1 clock enable */
  72:Src/i2c.c     ****     __HAL_RCC_I2C1_CLK_ENABLE();
  73:Src/i2c.c     ****   /* USER CODE BEGIN I2C1_MspInit 1 */
  74:Src/i2c.c     **** 
  75:Src/i2c.c     ****   /* USER CODE END I2C1_MspInit 1 */
  76:Src/i2c.c     ****   }
  77:Src/i2c.c     **** }
 136              		.loc 1 77 1 view .LVU32
 137 0018 09B0     		add	sp, sp, #36
 138              	.LCFI3:
 139              		.cfi_remember_state
 140              		.cfi_def_cfa_offset 12
 141              		@ sp needed
 142 001a 30BD     		pop	{r4, r5, pc}
 143              	.LVL4:
 144              	.L10:
 145              	.LCFI4:
 146              		.cfi_restore_state
  59:Src/i2c.c     ****     /**I2C1 GPIO Configuration    
 147              		.loc 1 59 5 is_stmt 1 view .LVU33
 148              	.LBB2:
  59:Src/i2c.c     ****     /**I2C1 GPIO Configuration    
 149              		.loc 1 59 5 view .LVU34
 150 001c 0025     		movs	r5, #0
 151 001e 0195     		str	r5, [sp, #4]
ARM GAS  D:\Tools\STM32-VScode\msys2\tmp\cct2J5Xk.s 			page 5


  59:Src/i2c.c     ****     /**I2C1 GPIO Configuration    
 152              		.loc 1 59 5 view .LVU35
 153 0020 124C     		ldr	r4, .L11+4
 154 0022 236B     		ldr	r3, [r4, #48]
 155 0024 43F00203 		orr	r3, r3, #2
 156 0028 2363     		str	r3, [r4, #48]
  59:Src/i2c.c     ****     /**I2C1 GPIO Configuration    
 157              		.loc 1 59 5 view .LVU36
 158 002a 236B     		ldr	r3, [r4, #48]
 159 002c 03F00203 		and	r3, r3, #2
 160 0030 0193     		str	r3, [sp, #4]
  59:Src/i2c.c     ****     /**I2C1 GPIO Configuration    
 161              		.loc 1 59 5 view .LVU37
 162 0032 019B     		ldr	r3, [sp, #4]
 163              	.LBE2:
  59:Src/i2c.c     ****     /**I2C1 GPIO Configuration    
 164              		.loc 1 59 5 view .LVU38
  64:Src/i2c.c     ****     GPIO_InitStruct.Mode = GPIO_MODE_AF_OD;
 165              		.loc 1 64 5 view .LVU39
  64:Src/i2c.c     ****     GPIO_InitStruct.Mode = GPIO_MODE_AF_OD;
 166              		.loc 1 64 25 is_stmt 0 view .LVU40
 167 0034 C023     		movs	r3, #192
 168 0036 0393     		str	r3, [sp, #12]
  65:Src/i2c.c     ****     GPIO_InitStruct.Pull = GPIO_PULLUP;
 169              		.loc 1 65 5 is_stmt 1 view .LVU41
  65:Src/i2c.c     ****     GPIO_InitStruct.Pull = GPIO_PULLUP;
 170              		.loc 1 65 26 is_stmt 0 view .LVU42
 171 0038 1223     		movs	r3, #18
 172 003a 0493     		str	r3, [sp, #16]
  66:Src/i2c.c     ****     GPIO_InitStruct.Speed = GPIO_SPEED_FREQ_VERY_HIGH;
 173              		.loc 1 66 5 is_stmt 1 view .LVU43
  66:Src/i2c.c     ****     GPIO_InitStruct.Speed = GPIO_SPEED_FREQ_VERY_HIGH;
 174              		.loc 1 66 26 is_stmt 0 view .LVU44
 175 003c 0123     		movs	r3, #1
 176 003e 0593     		str	r3, [sp, #20]
  67:Src/i2c.c     ****     GPIO_InitStruct.Alternate = GPIO_AF4_I2C1;
 177              		.loc 1 67 5 is_stmt 1 view .LVU45
  67:Src/i2c.c     ****     GPIO_InitStruct.Alternate = GPIO_AF4_I2C1;
 178              		.loc 1 67 27 is_stmt 0 view .LVU46
 179 0040 0323     		movs	r3, #3
 180 0042 0693     		str	r3, [sp, #24]
  68:Src/i2c.c     ****     HAL_GPIO_Init(GPIOB, &GPIO_InitStruct);
 181              		.loc 1 68 5 is_stmt 1 view .LVU47
  68:Src/i2c.c     ****     HAL_GPIO_Init(GPIOB, &GPIO_InitStruct);
 182              		.loc 1 68 31 is_stmt 0 view .LVU48
 183 0044 0423     		movs	r3, #4
 184 0046 0793     		str	r3, [sp, #28]
  69:Src/i2c.c     **** 
 185              		.loc 1 69 5 is_stmt 1 view .LVU49
 186 0048 03A9     		add	r1, sp, #12
 187 004a 0948     		ldr	r0, .L11+8
 188              	.LVL5:
  69:Src/i2c.c     **** 
 189              		.loc 1 69 5 is_stmt 0 view .LVU50
 190 004c FFF7FEFF 		bl	HAL_GPIO_Init
 191              	.LVL6:
  72:Src/i2c.c     ****   /* USER CODE BEGIN I2C1_MspInit 1 */
ARM GAS  D:\Tools\STM32-VScode\msys2\tmp\cct2J5Xk.s 			page 6


 192              		.loc 1 72 5 is_stmt 1 view .LVU51
 193              	.LBB3:
  72:Src/i2c.c     ****   /* USER CODE BEGIN I2C1_MspInit 1 */
 194              		.loc 1 72 5 view .LVU52
 195 0050 0295     		str	r5, [sp, #8]
  72:Src/i2c.c     ****   /* USER CODE BEGIN I2C1_MspInit 1 */
 196              		.loc 1 72 5 view .LVU53
 197 0052 236C     		ldr	r3, [r4, #64]
 198 0054 43F40013 		orr	r3, r3, #2097152
 199 0058 2364     		str	r3, [r4, #64]
  72:Src/i2c.c     ****   /* USER CODE BEGIN I2C1_MspInit 1 */
 200              		.loc 1 72 5 view .LVU54
 201 005a 236C     		ldr	r3, [r4, #64]
 202 005c 03F40013 		and	r3, r3, #2097152
 203 0060 0293     		str	r3, [sp, #8]
  72:Src/i2c.c     ****   /* USER CODE BEGIN I2C1_MspInit 1 */
 204              		.loc 1 72 5 view .LVU55
 205 0062 029B     		ldr	r3, [sp, #8]
 206              	.LBE3:
  72:Src/i2c.c     ****   /* USER CODE BEGIN I2C1_MspInit 1 */
 207              		.loc 1 72 5 view .LVU56
 208              		.loc 1 77 1 is_stmt 0 view .LVU57
 209 0064 D8E7     		b	.L7
 210              	.L12:
 211 0066 00BF     		.align	2
 212              	.L11:
 213 0068 00540040 		.word	1073763328
 214 006c 00380240 		.word	1073887232
 215 0070 00040240 		.word	1073873920
 216              		.cfi_endproc
 217              	.LFE131:
 219              		.section	.text.HAL_I2C_MspDeInit,"ax",%progbits
 220              		.align	1
 221              		.global	HAL_I2C_MspDeInit
 222              		.syntax unified
 223              		.thumb
 224              		.thumb_func
 225              		.fpu fpv4-sp-d16
 227              	HAL_I2C_MspDeInit:
 228              	.LVL7:
 229              	.LFB132:
  78:Src/i2c.c     **** 
  79:Src/i2c.c     **** void HAL_I2C_MspDeInit(I2C_HandleTypeDef* i2cHandle)
  80:Src/i2c.c     **** {
 230              		.loc 1 80 1 is_stmt 1 view -0
 231              		.cfi_startproc
 232              		@ args = 0, pretend = 0, frame = 0
 233              		@ frame_needed = 0, uses_anonymous_args = 0
 234              		.loc 1 80 1 is_stmt 0 view .LVU59
 235 0000 08B5     		push	{r3, lr}
 236              	.LCFI5:
 237              		.cfi_def_cfa_offset 8
 238              		.cfi_offset 3, -8
 239              		.cfi_offset 14, -4
  81:Src/i2c.c     **** 
  82:Src/i2c.c     ****   if(i2cHandle->Instance==I2C1)
 240              		.loc 1 82 3 is_stmt 1 view .LVU60
ARM GAS  D:\Tools\STM32-VScode\msys2\tmp\cct2J5Xk.s 			page 7


 241              		.loc 1 82 15 is_stmt 0 view .LVU61
 242 0002 0268     		ldr	r2, [r0]
 243              		.loc 1 82 5 view .LVU62
 244 0004 064B     		ldr	r3, .L17
 245 0006 9A42     		cmp	r2, r3
 246 0008 00D0     		beq	.L16
 247              	.LVL8:
 248              	.L13:
  83:Src/i2c.c     ****   {
  84:Src/i2c.c     ****   /* USER CODE BEGIN I2C1_MspDeInit 0 */
  85:Src/i2c.c     **** 
  86:Src/i2c.c     ****   /* USER CODE END I2C1_MspDeInit 0 */
  87:Src/i2c.c     ****     /* Peripheral clock disable */
  88:Src/i2c.c     ****     __HAL_RCC_I2C1_CLK_DISABLE();
  89:Src/i2c.c     ****   
  90:Src/i2c.c     ****     /**I2C1 GPIO Configuration    
  91:Src/i2c.c     ****     PB6     ------> I2C1_SCL
  92:Src/i2c.c     ****     PB7     ------> I2C1_SDA 
  93:Src/i2c.c     ****     */
  94:Src/i2c.c     ****     HAL_GPIO_DeInit(GPIOB, GPIO_PIN_6|GPIO_PIN_7);
  95:Src/i2c.c     **** 
  96:Src/i2c.c     ****   /* USER CODE BEGIN I2C1_MspDeInit 1 */
  97:Src/i2c.c     **** 
  98:Src/i2c.c     ****   /* USER CODE END I2C1_MspDeInit 1 */
  99:Src/i2c.c     ****   }
 100:Src/i2c.c     **** } 
 249              		.loc 1 100 1 view .LVU63
 250 000a 08BD     		pop	{r3, pc}
 251              	.LVL9:
 252              	.L16:
  88:Src/i2c.c     ****   
 253              		.loc 1 88 5 is_stmt 1 view .LVU64
 254 000c 054A     		ldr	r2, .L17+4
 255 000e 136C     		ldr	r3, [r2, #64]
 256 0010 23F40013 		bic	r3, r3, #2097152
 257 0014 1364     		str	r3, [r2, #64]
  94:Src/i2c.c     **** 
 258              		.loc 1 94 5 view .LVU65
 259 0016 C021     		movs	r1, #192
 260 0018 0348     		ldr	r0, .L17+8
 261              	.LVL10:
  94:Src/i2c.c     **** 
 262              		.loc 1 94 5 is_stmt 0 view .LVU66
 263 001a FFF7FEFF 		bl	HAL_GPIO_DeInit
 264              	.LVL11:
 265              		.loc 1 100 1 view .LVU67
 266 001e F4E7     		b	.L13
 267              	.L18:
 268              		.align	2
 269              	.L17:
 270 0020 00540040 		.word	1073763328
 271 0024 00380240 		.word	1073887232
 272 0028 00040240 		.word	1073873920
 273              		.cfi_endproc
 274              	.LFE132:
 276              		.comm	hi2c1,84,4
 277              		.text
ARM GAS  D:\Tools\STM32-VScode\msys2\tmp\cct2J5Xk.s 			page 8


 278              	.Letext0:
 279              		.file 2 "d:\\tools\\stm32-vscode\\arm-gcc\\9 2019-q4-major\\arm-none-eabi\\include\\machine\\_defa
 280              		.file 3 "d:\\tools\\stm32-vscode\\arm-gcc\\9 2019-q4-major\\arm-none-eabi\\include\\sys\\_stdint.h
 281              		.file 4 "Drivers/CMSIS/Include/core_cm4.h"
 282              		.file 5 "Drivers/CMSIS/Device/ST/STM32F4xx/Include/system_stm32f4xx.h"
 283              		.file 6 "Drivers/CMSIS/Device/ST/STM32F4xx/Include/stm32f407xx.h"
 284              		.file 7 "Drivers/STM32F4xx_HAL_Driver/Inc/stm32f4xx_hal_def.h"
 285              		.file 8 "Drivers/STM32F4xx_HAL_Driver/Inc/stm32f4xx_hal_gpio.h"
 286              		.file 9 "Drivers/STM32F4xx_HAL_Driver/Inc/stm32f4xx_hal_dma.h"
 287              		.file 10 "Drivers/STM32F4xx_HAL_Driver/Inc/stm32f4xx_hal_i2c.h"
 288              		.file 11 "Drivers/STM32F4xx_HAL_Driver/Inc/stm32f4xx_hal.h"
 289              		.file 12 "Inc/i2c.h"
 290              		.file 13 "Inc/main.h"
ARM GAS  D:\Tools\STM32-VScode\msys2\tmp\cct2J5Xk.s 			page 9


DEFINED SYMBOLS
                            *ABS*:00000000 i2c.c
D:\Tools\STM32-VScode\msys2\tmp\cct2J5Xk.s:18     .text.MX_I2C1_Init:00000000 $t
D:\Tools\STM32-VScode\msys2\tmp\cct2J5Xk.s:26     .text.MX_I2C1_Init:00000000 MX_I2C1_Init
D:\Tools\STM32-VScode\msys2\tmp\cct2J5Xk.s:88     .text.MX_I2C1_Init:00000030 $d
                            *COM*:00000054 hi2c1
D:\Tools\STM32-VScode\msys2\tmp\cct2J5Xk.s:95     .text.HAL_I2C_MspInit:00000000 $t
D:\Tools\STM32-VScode\msys2\tmp\cct2J5Xk.s:102    .text.HAL_I2C_MspInit:00000000 HAL_I2C_MspInit
D:\Tools\STM32-VScode\msys2\tmp\cct2J5Xk.s:213    .text.HAL_I2C_MspInit:00000068 $d
D:\Tools\STM32-VScode\msys2\tmp\cct2J5Xk.s:220    .text.HAL_I2C_MspDeInit:00000000 $t
D:\Tools\STM32-VScode\msys2\tmp\cct2J5Xk.s:227    .text.HAL_I2C_MspDeInit:00000000 HAL_I2C_MspDeInit
D:\Tools\STM32-VScode\msys2\tmp\cct2J5Xk.s:270    .text.HAL_I2C_MspDeInit:00000020 $d

UNDEFINED SYMBOLS
HAL_I2C_Init
Error_Handler
HAL_GPIO_Init
HAL_GPIO_DeInit
