ARM GAS  D:\Tools\STM32-VScode\msys2\tmp\cchxbT5m.s 			page 1


   1              		.cpu cortex-m3
   2              		.eabi_attribute 20, 1
   3              		.eabi_attribute 21, 1
   4              		.eabi_attribute 23, 3
   5              		.eabi_attribute 24, 1
   6              		.eabi_attribute 25, 1
   7              		.eabi_attribute 26, 1
   8              		.eabi_attribute 30, 1
   9              		.eabi_attribute 34, 1
  10              		.eabi_attribute 18, 4
  11              		.file	"main.c"
  12              		.text
  13              	.Ltext0:
  14              		.cfi_sections	.debug_frame
  15              		.section	.text.SystemClock_Config,"ax",%progbits
  16              		.align	1
  17              		.global	SystemClock_Config
  18              		.arch armv7-m
  19              		.syntax unified
  20              		.thumb
  21              		.thumb_func
  22              		.fpu softvfp
  24              	SystemClock_Config:
  25              	.LFB66:
  26              		.file 1 "Src/main.c"
   1:Src/main.c    **** /* USER CODE BEGIN Header */
   2:Src/main.c    **** /**
   3:Src/main.c    ****   ******************************************************************************
   4:Src/main.c    ****   * @file           : main.c
   5:Src/main.c    ****   * @brief          : Main program body
   6:Src/main.c    ****   ******************************************************************************
   7:Src/main.c    ****   * @attention
   8:Src/main.c    ****   *
   9:Src/main.c    ****   * <h2><center>&copy; Copyright (c) 2020 STMicroelectronics.
  10:Src/main.c    ****   * All rights reserved.</center></h2>
  11:Src/main.c    ****   *
  12:Src/main.c    ****   * This software component is licensed by ST under BSD 3-Clause license,
  13:Src/main.c    ****   * the "License"; You may not use this file except in compliance with the
  14:Src/main.c    ****   * License. You may obtain a copy of the License at:
  15:Src/main.c    ****   *                        opensource.org/licenses/BSD-3-Clause
  16:Src/main.c    ****   *
  17:Src/main.c    ****   ******************************************************************************
  18:Src/main.c    ****   */
  19:Src/main.c    **** /* USER CODE END Header */
  20:Src/main.c    **** 
  21:Src/main.c    **** /* Includes ------------------------------------------------------------------*/
  22:Src/main.c    **** #include "main.h"
  23:Src/main.c    **** #include "gpio.h"
  24:Src/main.c    **** 
  25:Src/main.c    **** /* Private includes ----------------------------------------------------------*/
  26:Src/main.c    **** /* USER CODE BEGIN Includes */
  27:Src/main.c    **** 
  28:Src/main.c    **** /* USER CODE END Includes */
  29:Src/main.c    **** 
  30:Src/main.c    **** /* Private typedef -----------------------------------------------------------*/
  31:Src/main.c    **** /* USER CODE BEGIN PTD */
  32:Src/main.c    **** 
ARM GAS  D:\Tools\STM32-VScode\msys2\tmp\cchxbT5m.s 			page 2


  33:Src/main.c    **** /* USER CODE END PTD */
  34:Src/main.c    **** 
  35:Src/main.c    **** /* Private define ------------------------------------------------------------*/
  36:Src/main.c    **** /* USER CODE BEGIN PD */
  37:Src/main.c    **** /* USER CODE END PD */
  38:Src/main.c    **** 
  39:Src/main.c    **** /* Private macro -------------------------------------------------------------*/
  40:Src/main.c    **** /* USER CODE BEGIN PM */
  41:Src/main.c    **** 
  42:Src/main.c    **** /* USER CODE END PM */
  43:Src/main.c    **** 
  44:Src/main.c    **** /* Private variables ---------------------------------------------------------*/
  45:Src/main.c    **** 
  46:Src/main.c    **** /* USER CODE BEGIN PV */
  47:Src/main.c    **** 
  48:Src/main.c    **** /* USER CODE END PV */
  49:Src/main.c    **** 
  50:Src/main.c    **** /* Private function prototypes -----------------------------------------------*/
  51:Src/main.c    **** void SystemClock_Config(void);
  52:Src/main.c    **** /* USER CODE BEGIN PFP */
  53:Src/main.c    **** 
  54:Src/main.c    **** /* USER CODE END PFP */
  55:Src/main.c    **** 
  56:Src/main.c    **** /* Private user code ---------------------------------------------------------*/
  57:Src/main.c    **** /* USER CODE BEGIN 0 */
  58:Src/main.c    **** 
  59:Src/main.c    **** /* USER CODE END 0 */
  60:Src/main.c    **** 
  61:Src/main.c    **** /**
  62:Src/main.c    ****   * @brief  The application entry point.
  63:Src/main.c    ****   * @retval int
  64:Src/main.c    ****   */
  65:Src/main.c    **** int main(void)
  66:Src/main.c    **** {
  67:Src/main.c    ****   /* USER CODE BEGIN 1 */
  68:Src/main.c    **** 
  69:Src/main.c    ****   /* USER CODE END 1 */
  70:Src/main.c    ****   
  71:Src/main.c    **** 
  72:Src/main.c    ****   /* MCU Configuration--------------------------------------------------------*/
  73:Src/main.c    **** 
  74:Src/main.c    ****   /* Reset of all peripherals, Initializes the Flash interface and the Systick. */
  75:Src/main.c    ****   HAL_Init();
  76:Src/main.c    **** 
  77:Src/main.c    ****   /* USER CODE BEGIN Init */
  78:Src/main.c    **** 
  79:Src/main.c    ****   /* USER CODE END Init */
  80:Src/main.c    **** 
  81:Src/main.c    ****   /* Configure the system clock */
  82:Src/main.c    ****   SystemClock_Config();
  83:Src/main.c    **** 
  84:Src/main.c    ****   /* USER CODE BEGIN SysInit */
  85:Src/main.c    **** 
  86:Src/main.c    ****   /* USER CODE END SysInit */
  87:Src/main.c    **** 
  88:Src/main.c    ****   /* Initialize all configured peripherals */
  89:Src/main.c    ****   MX_GPIO_Init();
ARM GAS  D:\Tools\STM32-VScode\msys2\tmp\cchxbT5m.s 			page 3


  90:Src/main.c    ****   /* USER CODE BEGIN 2 */
  91:Src/main.c    **** 
  92:Src/main.c    ****   /* USER CODE END 2 */
  93:Src/main.c    ****  
  94:Src/main.c    ****  
  95:Src/main.c    **** 
  96:Src/main.c    ****   /* Infinite loop */
  97:Src/main.c    ****   /* USER CODE BEGIN WHILE */
  98:Src/main.c    ****   while (1)
  99:Src/main.c    ****   {
 100:Src/main.c    ****     /* USER CODE END WHILE */
 101:Src/main.c    **** 
 102:Src/main.c    ****     /* USER CODE BEGIN 3 */
 103:Src/main.c    ****     HAL_GPIO_TogglePin(LED_GPIO_Port,LED_Pin);
 104:Src/main.c    ****     HAL_Delay(1000);
 105:Src/main.c    ****     HAL_GPIO_TogglePin(LED_GPIO_Port,LED_Pin);
 106:Src/main.c    ****     HAL_Delay(1000);
 107:Src/main.c    **** 
 108:Src/main.c    ****   }
 109:Src/main.c    ****   /* USER CODE END 3 */
 110:Src/main.c    **** }
 111:Src/main.c    **** 
 112:Src/main.c    **** /**
 113:Src/main.c    ****   * @brief System Clock Configuration
 114:Src/main.c    ****   * @retval None
 115:Src/main.c    ****   */
 116:Src/main.c    **** void SystemClock_Config(void)
 117:Src/main.c    **** {
  27              		.loc 1 117 1 view -0
  28              		.cfi_startproc
  29              		@ args = 0, pretend = 0, frame = 64
  30              		@ frame_needed = 0, uses_anonymous_args = 0
  31 0000 30B5     		push	{r4, r5, lr}
  32              	.LCFI0:
  33              		.cfi_def_cfa_offset 12
  34              		.cfi_offset 4, -12
  35              		.cfi_offset 5, -8
  36              		.cfi_offset 14, -4
  37 0002 91B0     		sub	sp, sp, #68
  38              	.LCFI1:
  39              		.cfi_def_cfa_offset 80
 118:Src/main.c    ****   RCC_OscInitTypeDef RCC_OscInitStruct = {0};
  40              		.loc 1 118 3 view .LVU1
  41              		.loc 1 118 22 is_stmt 0 view .LVU2
  42 0004 0024     		movs	r4, #0
  43 0006 0994     		str	r4, [sp, #36]
  44 0008 0B94     		str	r4, [sp, #44]
  45 000a 0C94     		str	r4, [sp, #48]
 119:Src/main.c    ****   RCC_ClkInitTypeDef RCC_ClkInitStruct = {0};
  46              		.loc 1 119 3 is_stmt 1 view .LVU3
  47              		.loc 1 119 22 is_stmt 0 view .LVU4
  48 000c 0194     		str	r4, [sp, #4]
  49 000e 0294     		str	r4, [sp, #8]
  50 0010 0394     		str	r4, [sp, #12]
  51 0012 0494     		str	r4, [sp, #16]
  52 0014 0594     		str	r4, [sp, #20]
 120:Src/main.c    **** 
ARM GAS  D:\Tools\STM32-VScode\msys2\tmp\cchxbT5m.s 			page 4


 121:Src/main.c    ****   /** Initializes the CPU, AHB and APB busses clocks 
 122:Src/main.c    ****   */
 123:Src/main.c    ****   RCC_OscInitStruct.OscillatorType = RCC_OSCILLATORTYPE_HSE;
  53              		.loc 1 123 3 is_stmt 1 view .LVU5
  54              		.loc 1 123 36 is_stmt 0 view .LVU6
  55 0016 0122     		movs	r2, #1
  56 0018 0692     		str	r2, [sp, #24]
 124:Src/main.c    ****   RCC_OscInitStruct.HSEState = RCC_HSE_ON;
  57              		.loc 1 124 3 is_stmt 1 view .LVU7
  58              		.loc 1 124 30 is_stmt 0 view .LVU8
  59 001a 4FF48033 		mov	r3, #65536
  60 001e 0793     		str	r3, [sp, #28]
 125:Src/main.c    ****   RCC_OscInitStruct.HSEPredivValue = RCC_HSE_PREDIV_DIV1;
  61              		.loc 1 125 3 is_stmt 1 view .LVU9
  62              		.loc 1 125 36 is_stmt 0 view .LVU10
  63 0020 0894     		str	r4, [sp, #32]
 126:Src/main.c    ****   RCC_OscInitStruct.HSIState = RCC_HSI_ON;
  64              		.loc 1 126 3 is_stmt 1 view .LVU11
  65              		.loc 1 126 30 is_stmt 0 view .LVU12
  66 0022 0A92     		str	r2, [sp, #40]
 127:Src/main.c    ****   RCC_OscInitStruct.PLL.PLLState = RCC_PLL_ON;
  67              		.loc 1 127 3 is_stmt 1 view .LVU13
  68              		.loc 1 127 34 is_stmt 0 view .LVU14
  69 0024 0225     		movs	r5, #2
  70 0026 0D95     		str	r5, [sp, #52]
 128:Src/main.c    ****   RCC_OscInitStruct.PLL.PLLSource = RCC_PLLSOURCE_HSE;
  71              		.loc 1 128 3 is_stmt 1 view .LVU15
  72              		.loc 1 128 35 is_stmt 0 view .LVU16
  73 0028 0E93     		str	r3, [sp, #56]
 129:Src/main.c    ****   RCC_OscInitStruct.PLL.PLLMUL = RCC_PLL_MUL9;
  74              		.loc 1 129 3 is_stmt 1 view .LVU17
  75              		.loc 1 129 32 is_stmt 0 view .LVU18
  76 002a 4FF4E013 		mov	r3, #1835008
  77 002e 0F93     		str	r3, [sp, #60]
 130:Src/main.c    ****   if (HAL_RCC_OscConfig(&RCC_OscInitStruct) != HAL_OK)
  78              		.loc 1 130 3 is_stmt 1 view .LVU19
  79              		.loc 1 130 7 is_stmt 0 view .LVU20
  80 0030 06A8     		add	r0, sp, #24
  81 0032 FFF7FEFF 		bl	HAL_RCC_OscConfig
  82              	.LVL0:
 131:Src/main.c    ****   {
 132:Src/main.c    ****     Error_Handler();
 133:Src/main.c    ****   }
 134:Src/main.c    ****   /** Initializes the CPU, AHB and APB busses clocks 
 135:Src/main.c    ****   */
 136:Src/main.c    ****   RCC_ClkInitStruct.ClockType = RCC_CLOCKTYPE_HCLK|RCC_CLOCKTYPE_SYSCLK
  83              		.loc 1 136 3 is_stmt 1 view .LVU21
  84              		.loc 1 136 31 is_stmt 0 view .LVU22
  85 0036 0F23     		movs	r3, #15
  86 0038 0193     		str	r3, [sp, #4]
 137:Src/main.c    ****                               |RCC_CLOCKTYPE_PCLK1|RCC_CLOCKTYPE_PCLK2;
 138:Src/main.c    ****   RCC_ClkInitStruct.SYSCLKSource = RCC_SYSCLKSOURCE_PLLCLK;
  87              		.loc 1 138 3 is_stmt 1 view .LVU23
  88              		.loc 1 138 34 is_stmt 0 view .LVU24
  89 003a 0295     		str	r5, [sp, #8]
 139:Src/main.c    ****   RCC_ClkInitStruct.AHBCLKDivider = RCC_SYSCLK_DIV1;
  90              		.loc 1 139 3 is_stmt 1 view .LVU25
ARM GAS  D:\Tools\STM32-VScode\msys2\tmp\cchxbT5m.s 			page 5


  91              		.loc 1 139 35 is_stmt 0 view .LVU26
  92 003c 0394     		str	r4, [sp, #12]
 140:Src/main.c    ****   RCC_ClkInitStruct.APB1CLKDivider = RCC_HCLK_DIV2;
  93              		.loc 1 140 3 is_stmt 1 view .LVU27
  94              		.loc 1 140 36 is_stmt 0 view .LVU28
  95 003e 4FF48063 		mov	r3, #1024
  96 0042 0493     		str	r3, [sp, #16]
 141:Src/main.c    ****   RCC_ClkInitStruct.APB2CLKDivider = RCC_HCLK_DIV1;
  97              		.loc 1 141 3 is_stmt 1 view .LVU29
  98              		.loc 1 141 36 is_stmt 0 view .LVU30
  99 0044 0594     		str	r4, [sp, #20]
 142:Src/main.c    **** 
 143:Src/main.c    ****   if (HAL_RCC_ClockConfig(&RCC_ClkInitStruct, FLASH_LATENCY_2) != HAL_OK)
 100              		.loc 1 143 3 is_stmt 1 view .LVU31
 101              		.loc 1 143 7 is_stmt 0 view .LVU32
 102 0046 2946     		mov	r1, r5
 103 0048 01A8     		add	r0, sp, #4
 104 004a FFF7FEFF 		bl	HAL_RCC_ClockConfig
 105              	.LVL1:
 144:Src/main.c    ****   {
 145:Src/main.c    ****     Error_Handler();
 146:Src/main.c    ****   }
 147:Src/main.c    **** }
 106              		.loc 1 147 1 view .LVU33
 107 004e 11B0     		add	sp, sp, #68
 108              	.LCFI2:
 109              		.cfi_def_cfa_offset 12
 110              		@ sp needed
 111 0050 30BD     		pop	{r4, r5, pc}
 112              		.cfi_endproc
 113              	.LFE66:
 115              		.section	.text.main,"ax",%progbits
 116              		.align	1
 117              		.global	main
 118              		.syntax unified
 119              		.thumb
 120              		.thumb_func
 121              		.fpu softvfp
 123              	main:
 124              	.LFB65:
  66:Src/main.c    ****   /* USER CODE BEGIN 1 */
 125              		.loc 1 66 1 is_stmt 1 view -0
 126              		.cfi_startproc
 127              		@ Volatile: function does not return.
 128              		@ args = 0, pretend = 0, frame = 0
 129              		@ frame_needed = 0, uses_anonymous_args = 0
 130 0000 08B5     		push	{r3, lr}
 131              	.LCFI3:
 132              		.cfi_def_cfa_offset 8
 133              		.cfi_offset 3, -8
 134              		.cfi_offset 14, -4
  75:Src/main.c    **** 
 135              		.loc 1 75 3 view .LVU35
 136 0002 FFF7FEFF 		bl	HAL_Init
 137              	.LVL2:
  82:Src/main.c    **** 
 138              		.loc 1 82 3 view .LVU36
ARM GAS  D:\Tools\STM32-VScode\msys2\tmp\cchxbT5m.s 			page 6


 139 0006 FFF7FEFF 		bl	SystemClock_Config
 140              	.LVL3:
  89:Src/main.c    ****   /* USER CODE BEGIN 2 */
 141              		.loc 1 89 3 view .LVU37
 142 000a FFF7FEFF 		bl	MX_GPIO_Init
 143              	.LVL4:
 144              	.L4:
  98:Src/main.c    ****   {
 145              		.loc 1 98 3 discriminator 1 view .LVU38
 103:Src/main.c    ****     HAL_Delay(1000);
 146              		.loc 1 103 5 discriminator 1 view .LVU39
 147 000e 0A4C     		ldr	r4, .L6
 148 0010 4FF40051 		mov	r1, #8192
 149 0014 2046     		mov	r0, r4
 150 0016 FFF7FEFF 		bl	HAL_GPIO_TogglePin
 151              	.LVL5:
 104:Src/main.c    ****     HAL_GPIO_TogglePin(LED_GPIO_Port,LED_Pin);
 152              		.loc 1 104 5 discriminator 1 view .LVU40
 153 001a 4FF47A70 		mov	r0, #1000
 154 001e FFF7FEFF 		bl	HAL_Delay
 155              	.LVL6:
 105:Src/main.c    ****     HAL_Delay(1000);
 156              		.loc 1 105 5 discriminator 1 view .LVU41
 157 0022 4FF40051 		mov	r1, #8192
 158 0026 2046     		mov	r0, r4
 159 0028 FFF7FEFF 		bl	HAL_GPIO_TogglePin
 160              	.LVL7:
 106:Src/main.c    **** 
 161              		.loc 1 106 5 discriminator 1 view .LVU42
 162 002c 4FF47A70 		mov	r0, #1000
 163 0030 FFF7FEFF 		bl	HAL_Delay
 164              	.LVL8:
  98:Src/main.c    ****   {
 165              		.loc 1 98 9 discriminator 1 view .LVU43
 166 0034 EBE7     		b	.L4
 167              	.L7:
 168 0036 00BF     		.align	2
 169              	.L6:
 170 0038 00100140 		.word	1073811456
 171              		.cfi_endproc
 172              	.LFE65:
 174              		.section	.text.Error_Handler,"ax",%progbits
 175              		.align	1
 176              		.global	Error_Handler
 177              		.syntax unified
 178              		.thumb
 179              		.thumb_func
 180              		.fpu softvfp
 182              	Error_Handler:
 183              	.LFB67:
 148:Src/main.c    **** 
 149:Src/main.c    **** /* USER CODE BEGIN 4 */
 150:Src/main.c    **** 
 151:Src/main.c    **** /* USER CODE END 4 */
 152:Src/main.c    **** 
 153:Src/main.c    **** /**
 154:Src/main.c    ****   * @brief  This function is executed in case of error occurrence.
ARM GAS  D:\Tools\STM32-VScode\msys2\tmp\cchxbT5m.s 			page 7


 155:Src/main.c    ****   * @retval None
 156:Src/main.c    ****   */
 157:Src/main.c    **** void Error_Handler(void)
 158:Src/main.c    **** {
 184              		.loc 1 158 1 view -0
 185              		.cfi_startproc
 186              		@ args = 0, pretend = 0, frame = 0
 187              		@ frame_needed = 0, uses_anonymous_args = 0
 188              		@ link register save eliminated.
 159:Src/main.c    ****   /* USER CODE BEGIN Error_Handler_Debug */
 160:Src/main.c    ****   /* User can add his own implementation to report the HAL error return state */
 161:Src/main.c    **** 
 162:Src/main.c    ****   /* USER CODE END Error_Handler_Debug */
 163:Src/main.c    **** }
 189              		.loc 1 163 1 view .LVU45
 190 0000 7047     		bx	lr
 191              		.cfi_endproc
 192              	.LFE67:
 194              		.text
 195              	.Letext0:
 196              		.file 2 "d:\\tools\\stm32-vscode\\arm-gcc\\9 2019-q4-major\\arm-none-eabi\\include\\machine\\_defa
 197              		.file 3 "d:\\tools\\stm32-vscode\\arm-gcc\\9 2019-q4-major\\arm-none-eabi\\include\\sys\\_stdint.h
 198              		.file 4 "Drivers/CMSIS/Include/core_cm3.h"
 199              		.file 5 "Drivers/CMSIS/Device/ST/STM32F1xx/Include/system_stm32f1xx.h"
 200              		.file 6 "Drivers/CMSIS/Device/ST/STM32F1xx/Include/stm32f103xb.h"
 201              		.file 7 "Drivers/STM32F1xx_HAL_Driver/Inc/stm32f1xx_hal_rcc.h"
 202              		.file 8 "Drivers/STM32F1xx_HAL_Driver/Inc/stm32f1xx_hal_rcc_ex.h"
 203              		.file 9 "Drivers/STM32F1xx_HAL_Driver/Inc/stm32f1xx_hal_def.h"
 204              		.file 10 "Drivers/STM32F1xx_HAL_Driver/Inc/stm32f1xx_hal.h"
 205              		.file 11 "Inc/gpio.h"
 206              		.file 12 "Drivers/STM32F1xx_HAL_Driver/Inc/stm32f1xx_hal_gpio.h"
ARM GAS  D:\Tools\STM32-VScode\msys2\tmp\cchxbT5m.s 			page 8


DEFINED SYMBOLS
                            *ABS*:00000000 main.c
D:\Tools\STM32-VScode\msys2\tmp\cchxbT5m.s:16     .text.SystemClock_Config:00000000 $t
D:\Tools\STM32-VScode\msys2\tmp\cchxbT5m.s:24     .text.SystemClock_Config:00000000 SystemClock_Config
D:\Tools\STM32-VScode\msys2\tmp\cchxbT5m.s:116    .text.main:00000000 $t
D:\Tools\STM32-VScode\msys2\tmp\cchxbT5m.s:123    .text.main:00000000 main
D:\Tools\STM32-VScode\msys2\tmp\cchxbT5m.s:170    .text.main:00000038 $d
D:\Tools\STM32-VScode\msys2\tmp\cchxbT5m.s:175    .text.Error_Handler:00000000 $t
D:\Tools\STM32-VScode\msys2\tmp\cchxbT5m.s:182    .text.Error_Handler:00000000 Error_Handler

UNDEFINED SYMBOLS
HAL_RCC_OscConfig
HAL_RCC_ClockConfig
HAL_Init
MX_GPIO_Init
HAL_GPIO_TogglePin
HAL_Delay
